<?xml version="1.0" encoding="UTF-8"?>
<testng-results ignored="0" total="4" passed="4" failed="0" skipped="0">
  <reporter-output>
  </reporter-output>
  <suite started-at="2026-06-07T17:36:35 IST" name="Default suite" finished-at="2026-06-07T17:36:45 IST" duration-ms="10363">
    <groups>
    </groups>
    <test started-at="2026-06-07T17:36:35 IST" name="Default test" finished-at="2026-06-07T17:36:45 IST" duration-ms="10363">
      <class name="com.project.api.UserApiTest">
        <test-method is-config="true" signature="setup()[pri:0, instance:com.project.api.UserApiTest@607fbe09]" started-at="2026-06-07T17:36:35 IST" name="setup" finished-at="2026-06-07T17:36:36 IST" duration-ms="1174" status="PASS">
          <reporter-output>
          </reporter-output>
        </test-method> <!-- setup -->
        <test-method signature="testCreatePost()[pri:0, instance:com.project.api.UserApiTest@607fbe09]" started-at="2026-06-07T17:36:36 IST" name="testCreatePost" description="POST /posts - verify 201 and response body" finished-at="2026-06-07T17:36:42 IST" duration-ms="6396" status="PASS">
          <reporter-output>
          </reporter-output>
        </test-method> <!-- testCreatePost -->
        <test-method signature="testGetAllUsers()[pri:0, instance:com.project.api.UserApiTest@607fbe09]" started-at="2026-06-07T17:36:42 IST" name="testGetAllUsers" description="GET /users - verify 200 and list is not empty" finished-at="2026-06-07T17:36:43 IST" duration-ms="985" status="PASS">
          <reporter-output>
          </reporter-output>
        </test-method> <!-- testGetAllUsers -->
        <test-method signature="testGetNonExistentUser()[pri:0, instance:com.project.api.UserApiTest@607fbe09]" started-at="2026-06-07T17:36:43 IST" name="testGetNonExistentUser" description="GET /users/999 - verify 404 for non-existent resource" finished-at="2026-06-07T17:36:44 IST" duration-ms="1006" status="PASS">
          <reporter-output>
          </reporter-output>
        </test-method> <!-- testGetNonExistentUser -->
        <test-method signature="testGetUserById()[pri:0, instance:com.project.api.UserApiTest@607fbe09]" started-at="2026-06-07T17:36:44 IST" name="testGetUserById" description="GET /users/{id} - verify specific user fields" finished-at="2026-06-07T17:36:45 IST" duration-ms="690" status="PASS">
          <reporter-output>
          </reporter-output>
        </test-method> <!-- testGetUserById -->
      </class> <!-- com.project.api.UserApiTest -->
    </test> <!-- Default test -->
  </suite> <!-- Default suite -->
</testng-results>
