<?xml version="1.0" encoding="UTF-8"?>
<!-- Generated by org.testng.reporters.JUnitReportReporter -->
<testsuite hostname="DESKTOP-S1PHPC7" failures="0" tests="2" name="com.project.smoke.LoginSmokeTest" time="16.221" errors="0" timestamp="2026-06-07T17:24:57 IST" skipped="0">
  <testcase classname="com.project.smoke.LoginSmokeTest" name="testSuccessfulLogin" time="6.164"/>
  <testcase classname="com.project.smoke.LoginSmokeTest" name="testInvalidLogin" time="10.057"/>
</testsuite> <!-- com.project.smoke.LoginSmokeTest -->
