<?xml version="1.0" encoding="UTF-8"?>
<!-- Generated by org.testng.reporters.JUnitReportReporter -->
<testsuite hostname="DESKTOP-S1PHPC7" failures="0" tests="4" name="com.project.api.UserApiTest" time="9.077" errors="0" timestamp="2026-06-07T17:36:45 IST" skipped="0">
  <testcase classname="com.project.api.UserApiTest" name="testGetAllUsers" time="0.985"/>
  <testcase classname="com.project.api.UserApiTest" name="testCreatePost" time="6.396"/>
  <testcase classname="com.project.api.UserApiTest" name="testGetNonExistentUser" time="1.006"/>
  <testcase classname="com.project.api.UserApiTest" name="testGetUserById" time="0.690"/>
</testsuite> <!-- com.project.api.UserApiTest -->
